
Collecting tasks from: tasks.py
=================== Running: [96morder_robots_from_RobotSpareBin[0m ===================
output/receipts/1.png
output/receipts/1.pdf
output/receipts/2.png
output/receipts/2.pdf
output/receipts/3.png
output/receipts/3.pdf
output/receipts/4.png
output/receipts/4.pdf
output/receipts/5.png
output/receipts/5.pdf
output/receipts/6.png
output/receipts/6.pdf
output/receipts/7.png
output/receipts/7.pdf
output/receipts/8.png
output/receipts/8.pdf
output/receipts/9.png
output/receipts/9.pdf
output/receipts/10.png
output/receipts/10.pdf
output/receipts/11.png
output/receipts/11.pdf
output/receipts/12.png
output/receipts/12.pdf
output/receipts/13.png
output/receipts/13.pdf
output/receipts/14.png
output/receipts/14.pdf
output/receipts/15.png
output/receipts/15.pdf
output/receipts/16.png
output/receipts/16.pdf
output/receipts/17.png
output/receipts/17.pdf
output/receipts/18.png
output/receipts/18.pdf
output/receipts/19.png
output/receipts/19.pdf
output/receipts/20.png
output/receipts/20.pdf
[96morder_robots_from_RobotSpareBin[0m status: PASS
================================================================================
Robocorp Log (html): c:\Users\VULTRON\Documents\Robocorp Portfolio\Automation Certification Level II - Python\output\log.html
